CRITICAL - 2026-05-17 06:22:13 --> ErrorException: Array to string conversion
in APPPATH/Views/pages/catat/index.php on line 29.
 1 APPPATH/Views/pages/catat/index.php(29): CodeIgniter\Debug\Exceptions->errorHandler(2, 'Array to string conversion', '/Users/cago/Documents/DEV/arus-finance/app/Views/pages/catat/index.php', 29)
 2 SYSTEMPATH/View/View.php(228): include('/Users/cago/Documents/DEV/arus-finance/app/Views/pages/catat/index.php')
 3 SYSTEMPATH/View/View.php(231): CodeIgniter\View\View->CodeIgniter\View\{closure}()
 4 SYSTEMPATH/Common.php(1178): CodeIgniter\View\View->render('pages/catat/index', [], true)
 5 APPPATH/Controllers/Arus.php(56): view('pages/catat/index', [...])
 6 SYSTEMPATH/CodeIgniter.php(943): App\Controllers\Arus->catat()
 7 SYSTEMPATH/CodeIgniter.php(503): CodeIgniter\CodeIgniter->runController(Object(App\Controllers\Arus))
 8 SYSTEMPATH/CodeIgniter.php(361): CodeIgniter\CodeIgniter->handleRequest(null, Object(Config\Cache), false)
 9 FCPATH/index.php(79): CodeIgniter\CodeIgniter->run()
10 SYSTEMPATH/Commands/Server/rewrite.php(47): require_once('/Users/cago/Documents/DEV/arus-finance/public/index.php')
CRITICAL - 2026-05-17 08:34:30 --> ErrorException: Undefined array key "report_groups"
in APPPATH/Controllers/Arus.php on line 783.
 1 APPPATH/Controllers/Arus.php(783): CodeIgniter\Debug\Exceptions->errorHandler(2, 'Undefined array key "report_groups"', '/Users/cago/Documents/DEV/arus-finance/app/Controllers/Arus.php', 783)
 2 APPPATH/Controllers/Arus.php(71): App\Controllers\Arus->prototypeData()
 3 SYSTEMPATH/CodeIgniter.php(943): App\Controllers\Arus->catatKeluar()
 4 SYSTEMPATH/CodeIgniter.php(503): CodeIgniter\CodeIgniter->runController(Object(App\Controllers\Arus))
 5 SYSTEMPATH/CodeIgniter.php(361): CodeIgniter\CodeIgniter->handleRequest(null, Object(Config\Cache), false)
 6 FCPATH/index.php(79): CodeIgniter\CodeIgniter->run()
 7 SYSTEMPATH/Commands/Server/rewrite.php(47): require_once('/Users/cago/Documents/DEV/arus-finance/public/index.php')
CRITICAL - 2026-05-17 08:34:33 --> ErrorException: Undefined array key "report_groups"
in APPPATH/Controllers/Arus.php on line 783.
 1 APPPATH/Controllers/Arus.php(783): CodeIgniter\Debug\Exceptions->errorHandler(2, 'Undefined array key "report_groups"', '/Users/cago/Documents/DEV/arus-finance/app/Controllers/Arus.php', 783)
 2 APPPATH/Controllers/Arus.php(71): App\Controllers\Arus->prototypeData()
 3 SYSTEMPATH/CodeIgniter.php(943): App\Controllers\Arus->catatKeluar()
 4 SYSTEMPATH/CodeIgniter.php(503): CodeIgniter\CodeIgniter->runController(Object(App\Controllers\Arus))
 5 SYSTEMPATH/CodeIgniter.php(361): CodeIgniter\CodeIgniter->handleRequest(null, Object(Config\Cache), false)
 6 FCPATH/index.php(79): CodeIgniter\CodeIgniter->run()
 7 SYSTEMPATH/Commands/Server/rewrite.php(47): require_once('/Users/cago/Documents/DEV/arus-finance/public/index.php')
CRITICAL - 2026-05-17 08:34:36 --> ErrorException: Undefined array key "report_groups"
in APPPATH/Controllers/Arus.php on line 783.
 1 APPPATH/Controllers/Arus.php(783): CodeIgniter\Debug\Exceptions->errorHandler(2, 'Undefined array key "report_groups"', '/Users/cago/Documents/DEV/arus-finance/app/Controllers/Arus.php', 783)
 2 APPPATH/Controllers/Arus.php(11): App\Controllers\Arus->prototypeData()
 3 SYSTEMPATH/CodeIgniter.php(943): App\Controllers\Arus->home()
 4 SYSTEMPATH/CodeIgniter.php(503): CodeIgniter\CodeIgniter->runController(Object(App\Controllers\Arus))
 5 SYSTEMPATH/CodeIgniter.php(361): CodeIgniter\CodeIgniter->handleRequest(null, Object(Config\Cache), false)
 6 FCPATH/index.php(79): CodeIgniter\CodeIgniter->run()
 7 SYSTEMPATH/Commands/Server/rewrite.php(47): require_once('/Users/cago/Documents/DEV/arus-finance/public/index.php')
CRITICAL - 2026-05-17 08:34:39 --> ErrorException: Undefined array key "report_groups"
in APPPATH/Controllers/Arus.php on line 783.
 1 APPPATH/Controllers/Arus.php(783): CodeIgniter\Debug\Exceptions->errorHandler(2, 'Undefined array key "report_groups"', '/Users/cago/Documents/DEV/arus-finance/app/Controllers/Arus.php', 783)
 2 APPPATH/Controllers/Arus.php(11): App\Controllers\Arus->prototypeData()
 3 SYSTEMPATH/CodeIgniter.php(943): App\Controllers\Arus->home()
 4 SYSTEMPATH/CodeIgniter.php(503): CodeIgniter\CodeIgniter->runController(Object(App\Controllers\Arus))
 5 SYSTEMPATH/CodeIgniter.php(361): CodeIgniter\CodeIgniter->handleRequest(null, Object(Config\Cache), false)
 6 FCPATH/index.php(79): CodeIgniter\CodeIgniter->run()
 7 SYSTEMPATH/Commands/Server/rewrite.php(47): require_once('/Users/cago/Documents/DEV/arus-finance/public/index.php')
CRITICAL - 2026-05-17 08:36:08 --> Error: Call to undefined method App\Controllers\Arus::buildIncomeSources()
in APPPATH/Controllers/Arus.php on line 790.
 1 APPPATH/Controllers/Arus.php(21): App\Controllers\Arus->prototypeData()
 2 SYSTEMPATH/CodeIgniter.php(943): App\Controllers\Arus->catat()
 3 SYSTEMPATH/CodeIgniter.php(503): CodeIgniter\CodeIgniter->runController(Object(App\Controllers\Arus))
 4 SYSTEMPATH/CodeIgniter.php(361): CodeIgniter\CodeIgniter->handleRequest(null, Object(Config\Cache), false)
 5 FCPATH/index.php(79): CodeIgniter\CodeIgniter->run()
 6 SYSTEMPATH/Commands/Server/rewrite.php(47): require_once('/Users/cago/Documents/DEV/arus-finance/public/index.php')
CRITICAL - 2026-05-17 08:36:09 --> Error: Call to undefined method App\Controllers\Arus::buildIncomeSources()
in APPPATH/Controllers/Arus.php on line 790.
 1 APPPATH/Controllers/Arus.php(21): App\Controllers\Arus->prototypeData()
 2 SYSTEMPATH/CodeIgniter.php(943): App\Controllers\Arus->catat()
 3 SYSTEMPATH/CodeIgniter.php(503): CodeIgniter\CodeIgniter->runController(Object(App\Controllers\Arus))
 4 SYSTEMPATH/CodeIgniter.php(361): CodeIgniter\CodeIgniter->handleRequest(null, Object(Config\Cache), false)
 5 FCPATH/index.php(79): CodeIgniter\CodeIgniter->run()
 6 SYSTEMPATH/Commands/Server/rewrite.php(47): require_once('/Users/cago/Documents/DEV/arus-finance/public/index.php')
CRITICAL - 2026-05-17 08:36:09 --> Error: Call to undefined method App\Controllers\Arus::buildIncomeSources()
in APPPATH/Controllers/Arus.php on line 790.
 1 APPPATH/Controllers/Arus.php(21): App\Controllers\Arus->prototypeData()
 2 SYSTEMPATH/CodeIgniter.php(943): App\Controllers\Arus->catat()
 3 SYSTEMPATH/CodeIgniter.php(503): CodeIgniter\CodeIgniter->runController(Object(App\Controllers\Arus))
 4 SYSTEMPATH/CodeIgniter.php(361): CodeIgniter\CodeIgniter->handleRequest(null, Object(Config\Cache), false)
 5 FCPATH/index.php(79): CodeIgniter\CodeIgniter->run()
 6 SYSTEMPATH/Commands/Server/rewrite.php(47): require_once('/Users/cago/Documents/DEV/arus-finance/public/index.php')
CRITICAL - 2026-05-17 08:36:10 --> Error: Call to undefined method App\Controllers\Arus::buildIncomeSources()
in APPPATH/Controllers/Arus.php on line 790.
 1 APPPATH/Controllers/Arus.php(101): App\Controllers\Arus->prototypeData()
 2 SYSTEMPATH/CodeIgniter.php(943): App\Controllers\Arus->rekap()
 3 SYSTEMPATH/CodeIgniter.php(503): CodeIgniter\CodeIgniter->runController(Object(App\Controllers\Arus))
 4 SYSTEMPATH/CodeIgniter.php(361): CodeIgniter\CodeIgniter->handleRequest(null, Object(Config\Cache), false)
 5 FCPATH/index.php(79): CodeIgniter\CodeIgniter->run()
 6 SYSTEMPATH/Commands/Server/rewrite.php(47): require_once('/Users/cago/Documents/DEV/arus-finance/public/index.php')
CRITICAL - 2026-05-17 08:36:12 --> Error: Call to undefined method App\Controllers\Arus::buildIncomeSources()
in APPPATH/Controllers/Arus.php on line 790.
 1 APPPATH/Controllers/Arus.php(101): App\Controllers\Arus->prototypeData()
 2 SYSTEMPATH/CodeIgniter.php(943): App\Controllers\Arus->rekap()
 3 SYSTEMPATH/CodeIgniter.php(503): CodeIgniter\CodeIgniter->runController(Object(App\Controllers\Arus))
 4 SYSTEMPATH/CodeIgniter.php(361): CodeIgniter\CodeIgniter->handleRequest(null, Object(Config\Cache), false)
 5 FCPATH/index.php(79): CodeIgniter\CodeIgniter->run()
 6 SYSTEMPATH/Commands/Server/rewrite.php(47): require_once('/Users/cago/Documents/DEV/arus-finance/public/index.php')
CRITICAL - 2026-05-17 08:36:14 --> Error: Call to undefined method App\Controllers\Arus::buildIncomeSources()
in APPPATH/Controllers/Arus.php on line 790.
 1 APPPATH/Controllers/Arus.php(11): App\Controllers\Arus->prototypeData()
 2 SYSTEMPATH/CodeIgniter.php(943): App\Controllers\Arus->home()
 3 SYSTEMPATH/CodeIgniter.php(503): CodeIgniter\CodeIgniter->runController(Object(App\Controllers\Arus))
 4 SYSTEMPATH/CodeIgniter.php(361): CodeIgniter\CodeIgniter->handleRequest(null, Object(Config\Cache), false)
 5 FCPATH/index.php(79): CodeIgniter\CodeIgniter->run()
 6 SYSTEMPATH/Commands/Server/rewrite.php(47): require_once('/Users/cago/Documents/DEV/arus-finance/public/index.php')
CRITICAL - 2026-05-17 08:37:05 --> CodeIgniter\View\Exceptions\ViewException: Invalid file: "pages/master/income_sources.php"
in SYSTEMPATH/Exceptions/FrameworkException.php on line 39.
 1 SYSTEMPATH/View/View.php(216): CodeIgniter\Exceptions\FrameworkException::forInvalidFile('pages/master/income_sources.php')
 2 SYSTEMPATH/Common.php(1178): CodeIgniter\View\View->render('pages/master/income_sources', [], true)
 3 APPPATH/Controllers/Arus.php(474): view('pages/master/income_sources', [...])
 4 SYSTEMPATH/CodeIgniter.php(943): App\Controllers\Arus->masterSumberPemasukan()
 5 SYSTEMPATH/CodeIgniter.php(503): CodeIgniter\CodeIgniter->runController(Object(App\Controllers\Arus))
 6 SYSTEMPATH/CodeIgniter.php(361): CodeIgniter\CodeIgniter->handleRequest(null, Object(Config\Cache), false)
 7 FCPATH/index.php(79): CodeIgniter\CodeIgniter->run()
 8 SYSTEMPATH/Commands/Server/rewrite.php(47): require_once('/Users/cago/Documents/DEV/arus-finance/public/index.php')
CRITICAL - 2026-05-17 08:37:09 --> CodeIgniter\View\Exceptions\ViewException: Invalid file: "pages/master/opening_balances.php"
in SYSTEMPATH/Exceptions/FrameworkException.php on line 39.
 1 SYSTEMPATH/View/View.php(216): CodeIgniter\Exceptions\FrameworkException::forInvalidFile('pages/master/opening_balances.php')
 2 SYSTEMPATH/Common.php(1178): CodeIgniter\View\View->render('pages/master/opening_balances', [], true)
 3 APPPATH/Controllers/Arus.php(610): view('pages/master/opening_balances', [...])
 4 SYSTEMPATH/CodeIgniter.php(943): App\Controllers\Arus->masterSaldoAwal()
 5 SYSTEMPATH/CodeIgniter.php(503): CodeIgniter\CodeIgniter->runController(Object(App\Controllers\Arus))
 6 SYSTEMPATH/CodeIgniter.php(361): CodeIgniter\CodeIgniter->handleRequest(null, Object(Config\Cache), false)
 7 FCPATH/index.php(79): CodeIgniter\CodeIgniter->run()
 8 SYSTEMPATH/Commands/Server/rewrite.php(47): require_once('/Users/cago/Documents/DEV/arus-finance/public/index.php')
CRITICAL - 2026-05-17 08:37:48 --> CodeIgniter\View\Exceptions\ViewException: Invalid file: "pages/master/account_mappings.php"
in SYSTEMPATH/Exceptions/FrameworkException.php on line 39.
 1 SYSTEMPATH/View/View.php(216): CodeIgniter\Exceptions\FrameworkException::forInvalidFile('pages/master/account_mappings.php')
 2 SYSTEMPATH/Common.php(1178): CodeIgniter\View\View->render('pages/master/account_mappings', [], true)
 3 APPPATH/Controllers/Arus.php(542): view('pages/master/account_mappings', [...])
 4 SYSTEMPATH/CodeIgniter.php(943): App\Controllers\Arus->mappingRekeningDompet()
 5 SYSTEMPATH/CodeIgniter.php(503): CodeIgniter\CodeIgniter->runController(Object(App\Controllers\Arus))
 6 SYSTEMPATH/CodeIgniter.php(361): CodeIgniter\CodeIgniter->handleRequest(null, Object(Config\Cache), false)
 7 FCPATH/index.php(79): CodeIgniter\CodeIgniter->run()
 8 SYSTEMPATH/Commands/Server/rewrite.php(47): require_once('/Users/cago/Documents/DEV/arus-finance/public/index.php')
CRITICAL - 2026-05-17 08:38:21 --> CodeIgniter\View\Exceptions\ViewException: Invalid file: "pages/master/opening_balances.php"
in SYSTEMPATH/Exceptions/FrameworkException.php on line 39.
 1 SYSTEMPATH/View/View.php(216): CodeIgniter\Exceptions\FrameworkException::forInvalidFile('pages/master/opening_balances.php')
 2 SYSTEMPATH/Common.php(1178): CodeIgniter\View\View->render('pages/master/opening_balances', [], true)
 3 APPPATH/Controllers/Arus.php(610): view('pages/master/opening_balances', [...])
 4 SYSTEMPATH/CodeIgniter.php(943): App\Controllers\Arus->masterSaldoAwal()
 5 SYSTEMPATH/CodeIgniter.php(503): CodeIgniter\CodeIgniter->runController(Object(App\Controllers\Arus))
 6 SYSTEMPATH/CodeIgniter.php(361): CodeIgniter\CodeIgniter->handleRequest(null, Object(Config\Cache), false)
 7 FCPATH/index.php(79): CodeIgniter\CodeIgniter->run()
 8 SYSTEMPATH/Commands/Server/rewrite.php(47): require_once('/Users/cago/Documents/DEV/arus-finance/public/index.php')
CRITICAL - 2026-05-17 08:39:07 --> CodeIgniter\View\Exceptions\ViewException: Invalid file: "pages/master/account_mappings.php"
in SYSTEMPATH/Exceptions/FrameworkException.php on line 39.
 1 SYSTEMPATH/View/View.php(216): CodeIgniter\Exceptions\FrameworkException::forInvalidFile('pages/master/account_mappings.php')
 2 SYSTEMPATH/Common.php(1178): CodeIgniter\View\View->render('pages/master/account_mappings', [], true)
 3 APPPATH/Controllers/Arus.php(542): view('pages/master/account_mappings', [...])
 4 SYSTEMPATH/CodeIgniter.php(943): App\Controllers\Arus->mappingRekeningDompet()
 5 SYSTEMPATH/CodeIgniter.php(503): CodeIgniter\CodeIgniter->runController(Object(App\Controllers\Arus))
 6 SYSTEMPATH/CodeIgniter.php(361): CodeIgniter\CodeIgniter->handleRequest(null, Object(Config\Cache), false)
 7 FCPATH/index.php(79): CodeIgniter\CodeIgniter->run()
 8 SYSTEMPATH/Commands/Server/rewrite.php(47): require_once('/Users/cago/Documents/DEV/arus-finance/public/index.php')
CRITICAL - 2026-05-17 10:18:10 --> ErrorException: Undefined variable $notchClass
in APPPATH/Views/pages/account_detail.php on line 54.
 1 APPPATH/Views/pages/account_detail.php(54): CodeIgniter\Debug\Exceptions->errorHandler(2, 'Undefined variable $notchClass', '/Users/cago/Documents/DEV/arus-finance/app/Views/pages/account_detail.php', 54)
 2 SYSTEMPATH/View/View.php(228): include('/Users/cago/Documents/DEV/arus-finance/app/Views/pages/account_detail.php')
 3 SYSTEMPATH/View/View.php(231): CodeIgniter\View\View->CodeIgniter\View\{closure}()
 4 SYSTEMPATH/Common.php(1178): CodeIgniter\View\View->render('pages/account_detail', [], true)
 5 APPPATH/Controllers/Arus.php(680): view('pages/account_detail', [...])
 6 SYSTEMPATH/CodeIgniter.php(943): App\Controllers\Arus->rekening('bri-pt')
 7 SYSTEMPATH/CodeIgniter.php(503): CodeIgniter\CodeIgniter->runController(Object(App\Controllers\Arus))
 8 SYSTEMPATH/CodeIgniter.php(361): CodeIgniter\CodeIgniter->handleRequest(null, Object(Config\Cache), false)
 9 FCPATH/index.php(79): CodeIgniter\CodeIgniter->run()
10 SYSTEMPATH/Commands/Server/rewrite.php(47): require_once('/Users/cago/Documents/DEV/arus-finance/public/index.php')
CRITICAL - 2026-05-17 10:18:11 --> ErrorException: Undefined variable $notchClass
in APPPATH/Views/pages/account_detail.php on line 54.
 1 APPPATH/Views/pages/account_detail.php(54): CodeIgniter\Debug\Exceptions->errorHandler(2, 'Undefined variable $notchClass', '/Users/cago/Documents/DEV/arus-finance/app/Views/pages/account_detail.php', 54)
 2 SYSTEMPATH/View/View.php(228): include('/Users/cago/Documents/DEV/arus-finance/app/Views/pages/account_detail.php')
 3 SYSTEMPATH/View/View.php(231): CodeIgniter\View\View->CodeIgniter\View\{closure}()
 4 SYSTEMPATH/Common.php(1178): CodeIgniter\View\View->render('pages/account_detail', [], true)
 5 APPPATH/Controllers/Arus.php(680): view('pages/account_detail', [...])
 6 SYSTEMPATH/CodeIgniter.php(943): App\Controllers\Arus->rekening('bri-pt')
 7 SYSTEMPATH/CodeIgniter.php(503): CodeIgniter\CodeIgniter->runController(Object(App\Controllers\Arus))
 8 SYSTEMPATH/CodeIgniter.php(361): CodeIgniter\CodeIgniter->handleRequest(null, Object(Config\Cache), false)
 9 FCPATH/index.php(79): CodeIgniter\CodeIgniter->run()
10 SYSTEMPATH/Commands/Server/rewrite.php(47): require_once('/Users/cago/Documents/DEV/arus-finance/public/index.php')
CRITICAL - 2026-05-17 10:18:11 --> ErrorException: Undefined variable $notchClass
in APPPATH/Views/pages/account_detail.php on line 54.
 1 APPPATH/Views/pages/account_detail.php(54): CodeIgniter\Debug\Exceptions->errorHandler(2, 'Undefined variable $notchClass', '/Users/cago/Documents/DEV/arus-finance/app/Views/pages/account_detail.php', 54)
 2 SYSTEMPATH/View/View.php(228): include('/Users/cago/Documents/DEV/arus-finance/app/Views/pages/account_detail.php')
 3 SYSTEMPATH/View/View.php(231): CodeIgniter\View\View->CodeIgniter\View\{closure}()
 4 SYSTEMPATH/Common.php(1178): CodeIgniter\View\View->render('pages/account_detail', [], true)
 5 APPPATH/Controllers/Arus.php(680): view('pages/account_detail', [...])
 6 SYSTEMPATH/CodeIgniter.php(943): App\Controllers\Arus->rekening('bri-pt')
 7 SYSTEMPATH/CodeIgniter.php(503): CodeIgniter\CodeIgniter->runController(Object(App\Controllers\Arus))
 8 SYSTEMPATH/CodeIgniter.php(361): CodeIgniter\CodeIgniter->handleRequest(null, Object(Config\Cache), false)
 9 FCPATH/index.php(79): CodeIgniter\CodeIgniter->run()
10 SYSTEMPATH/Commands/Server/rewrite.php(47): require_once('/Users/cago/Documents/DEV/arus-finance/public/index.php')
CRITICAL - 2026-05-17 11:38:33 --> CodeIgniter\View\Exceptions\ViewException: Invalid file: "pages/transaction_detail.php"
in SYSTEMPATH/Exceptions/FrameworkException.php on line 39.
 1 SYSTEMPATH/View/View.php(216): CodeIgniter\Exceptions\FrameworkException::forInvalidFile('pages/transaction_detail.php')
 2 SYSTEMPATH/Common.php(1178): CodeIgniter\View\View->render('pages/transaction_detail', [], true)
 3 APPPATH/Controllers/Arus.php(596): view('pages/transaction_detail', [...])
 4 SYSTEMPATH/CodeIgniter.php(943): App\Controllers\Arus->transaksi('trx-001')
 5 SYSTEMPATH/CodeIgniter.php(503): CodeIgniter\CodeIgniter->runController(Object(App\Controllers\Arus))
 6 SYSTEMPATH/CodeIgniter.php(361): CodeIgniter\CodeIgniter->handleRequest(null, Object(Config\Cache), false)
 7 FCPATH/index.php(79): CodeIgniter\CodeIgniter->run()
 8 SYSTEMPATH/Commands/Server/rewrite.php(47): require_once('/Users/cago/Documents/DEV/arus-finance/public/index.php')
CRITICAL - 2026-05-17 11:44:34 --> CodeIgniter\View\Exceptions\ViewException: Invalid file: "pages/transaction_detail.php"
in SYSTEMPATH/Exceptions/FrameworkException.php on line 39.
 1 SYSTEMPATH/View/View.php(216): CodeIgniter\Exceptions\FrameworkException::forInvalidFile('pages/transaction_detail.php')
 2 SYSTEMPATH/Common.php(1178): CodeIgniter\View\View->render('pages/transaction_detail', [], true)
 3 APPPATH/Controllers/Arus.php(598): view('pages/transaction_detail', [...])
 4 SYSTEMPATH/CodeIgniter.php(943): App\Controllers\Arus->transaksi('trx-001')
 5 SYSTEMPATH/CodeIgniter.php(503): CodeIgniter\CodeIgniter->runController(Object(App\Controllers\Arus))
 6 SYSTEMPATH/CodeIgniter.php(361): CodeIgniter\CodeIgniter->handleRequest(null, Object(Config\Cache), false)
 7 FCPATH/index.php(79): CodeIgniter\CodeIgniter->run()
 8 SYSTEMPATH/Commands/Server/rewrite.php(47): require_once('/Users/cago/Documents/DEV/arus-finance/public/index.php')
CRITICAL - 2026-05-17 13:57:47 --> ParseError: syntax error, unexpected identifier "name", expecting "]"
in APPPATH/Views/pages/account_detail.php on line 6.
 1 SYSTEMPATH/View/View.php(231): CodeIgniter\View\View->CodeIgniter\View\{closure}()
 2 SYSTEMPATH/Common.php(1178): CodeIgniter\View\View->render('pages/account_detail', [], true)
 3 APPPATH/Controllers/Arus.php(643): view('pages/account_detail', [...])
 4 SYSTEMPATH/CodeIgniter.php(943): App\Controllers\Arus->rekening('dana-operasional-cago')
 5 SYSTEMPATH/CodeIgniter.php(503): CodeIgniter\CodeIgniter->runController(Object(App\Controllers\Arus))
 6 SYSTEMPATH/CodeIgniter.php(361): CodeIgniter\CodeIgniter->handleRequest(null, Object(Config\Cache), false)
 7 FCPATH/index.php(79): CodeIgniter\CodeIgniter->run()
 8 SYSTEMPATH/Commands/Server/rewrite.php(47): require_once('/Users/cago/Documents/DEV/arus-finance/public/index.php')
CRITICAL - 2026-05-17 13:57:57 --> ParseError: syntax error, unexpected identifier "badge_label", expecting "]"
in APPPATH/Views/pages/transaction_detail.php on line 6.
 1 SYSTEMPATH/View/View.php(231): CodeIgniter\View\View->CodeIgniter\View\{closure}()
 2 SYSTEMPATH/Common.php(1178): CodeIgniter\View\View->render('pages/transaction_detail', [], true)
 3 APPPATH/Controllers/Arus.php(598): view('pages/transaction_detail', [...])
 4 SYSTEMPATH/CodeIgniter.php(943): App\Controllers\Arus->transaksi('trx-003')
 5 SYSTEMPATH/CodeIgniter.php(503): CodeIgniter\CodeIgniter->runController(Object(App\Controllers\Arus))
 6 SYSTEMPATH/CodeIgniter.php(361): CodeIgniter\CodeIgniter->handleRequest(null, Object(Config\Cache), false)
 7 FCPATH/index.php(79): CodeIgniter\CodeIgniter->run()
 8 SYSTEMPATH/Commands/Server/rewrite.php(47): require_once('/Users/cago/Documents/DEV/arus-finance/public/index.php')
CRITICAL - 2026-05-17 13:59:41 --> ParseError: syntax error, unexpected identifier "badge_label", expecting "]"
in APPPATH/Views/pages/transaction_detail.php on line 6.
 1 SYSTEMPATH/View/View.php(231): CodeIgniter\View\View->CodeIgniter\View\{closure}()
 2 SYSTEMPATH/Common.php(1178): CodeIgniter\View\View->render('pages/transaction_detail', [], true)
 3 APPPATH/Controllers/Arus.php(598): view('pages/transaction_detail', [...])
 4 SYSTEMPATH/CodeIgniter.php(943): App\Controllers\Arus->transaksi('trx-003')
 5 SYSTEMPATH/CodeIgniter.php(503): CodeIgniter\CodeIgniter->runController(Object(App\Controllers\Arus))
 6 SYSTEMPATH/CodeIgniter.php(361): CodeIgniter\CodeIgniter->handleRequest(null, Object(Config\Cache), false)
 7 FCPATH/index.php(79): CodeIgniter\CodeIgniter->run()
 8 SYSTEMPATH/Commands/Server/rewrite.php(47): require_once('/Users/cago/Documents/DEV/arus-finance/public/index.php')
CRITICAL - 2026-05-17 13:59:41 --> ParseError: syntax error, unexpected identifier "badge_label", expecting "]"
in APPPATH/Views/pages/transaction_detail.php on line 6.
 1 SYSTEMPATH/View/View.php(231): CodeIgniter\View\View->CodeIgniter\View\{closure}()
 2 SYSTEMPATH/Common.php(1178): CodeIgniter\View\View->render('pages/transaction_detail', [], true)
 3 APPPATH/Controllers/Arus.php(598): view('pages/transaction_detail', [...])
 4 SYSTEMPATH/CodeIgniter.php(943): App\Controllers\Arus->transaksi('trx-003')
 5 SYSTEMPATH/CodeIgniter.php(503): CodeIgniter\CodeIgniter->runController(Object(App\Controllers\Arus))
 6 SYSTEMPATH/CodeIgniter.php(361): CodeIgniter\CodeIgniter->handleRequest(null, Object(Config\Cache), false)
 7 FCPATH/index.php(79): CodeIgniter\CodeIgniter->run()
 8 SYSTEMPATH/Commands/Server/rewrite.php(47): require_once('/Users/cago/Documents/DEV/arus-finance/public/index.php')
CRITICAL - 2026-05-17 14:00:04 --> ParseError: syntax error, unexpected identifier "badge_label", expecting "]"
in APPPATH/Views/pages/transaction_detail.php on line 6.
 1 SYSTEMPATH/View/View.php(231): CodeIgniter\View\View->CodeIgniter\View\{closure}()
 2 SYSTEMPATH/Common.php(1178): CodeIgniter\View\View->render('pages/transaction_detail', [], true)
 3 APPPATH/Controllers/Arus.php(598): view('pages/transaction_detail', [...])
 4 SYSTEMPATH/CodeIgniter.php(943): App\Controllers\Arus->transaksi('trx-001')
 5 SYSTEMPATH/CodeIgniter.php(503): CodeIgniter\CodeIgniter->runController(Object(App\Controllers\Arus))
 6 SYSTEMPATH/CodeIgniter.php(361): CodeIgniter\CodeIgniter->handleRequest(null, Object(Config\Cache), false)
 7 FCPATH/index.php(79): CodeIgniter\CodeIgniter->run()
 8 SYSTEMPATH/Commands/Server/rewrite.php(47): require_once('/Users/cago/Documents/DEV/arus-finance/public/index.php')
CRITICAL - 2026-05-17 14:00:37 --> ParseError: syntax error, unexpected identifier "badge_label", expecting "]"
in APPPATH/Views/pages/transaction_detail.php on line 6.
 1 SYSTEMPATH/View/View.php(231): CodeIgniter\View\View->CodeIgniter\View\{closure}()
 2 SYSTEMPATH/Common.php(1178): CodeIgniter\View\View->render('pages/transaction_detail', [], true)
 3 APPPATH/Controllers/Arus.php(598): view('pages/transaction_detail', [...])
 4 SYSTEMPATH/CodeIgniter.php(943): App\Controllers\Arus->transaksi('trx-001')
 5 SYSTEMPATH/CodeIgniter.php(503): CodeIgniter\CodeIgniter->runController(Object(App\Controllers\Arus))
 6 SYSTEMPATH/CodeIgniter.php(361): CodeIgniter\CodeIgniter->handleRequest(null, Object(Config\Cache), false)
 7 FCPATH/index.php(79): CodeIgniter\CodeIgniter->run()
 8 SYSTEMPATH/Commands/Server/rewrite.php(47): require_once('/Users/cago/Documents/DEV/arus-finance/public/index.php')
